<?xml version="1.0" encoding="UTF-8"?>
<!-- Generated by org.testng.reporters.JUnitXMLReporter -->
<testsuite ignored="0" hostname="Imran-HP" failures="0" tests="1" name="Tf04_VergleichVonZweiProdukteTest" time="0.215" errors="0" timestamp="2020-05-02T13:16:15 CEST">
  <testcase classname="de.ecom.testbasis.TestBasis" name="@BeforeMethod setUp" time="0.119">
    <failure type="java.lang.NoSuchMethodError" message="&amp;apos;void com.google.common.base.Preconditions.checkState(boolean, java.lang.String, java.lang.Object, java.lang.Object, java.lang.Object)&amp;apos;">
      <![CDATA[java.lang.NoSuchMethodError: 'void com.google.common.base.Preconditions.checkState(boolean, java.lang.String, java.lang.Object, java.lang.Object, java.lang.Object)'
at org.openqa.selenium.remote.service.DriverService.findExecutable(DriverService.java:142)
at org.openqa.selenium.chrome.ChromeDriverService.access$000(ChromeDriverService.java:36)
at org.openqa.selenium.chrome.ChromeDriverService$Builder.findDefaultExecutable(ChromeDriverService.java:195)
at org.openqa.selenium.remote.service.DriverService$Builder.build(DriverService.java:389)
at org.openqa.selenium.chrome.ChromeDriverService.createDefaultService(ChromeDriverService.java:118)
at org.openqa.selenium.chrome.ChromeDriver.<init>(ChromeDriver.java:105)
at de.ecom.testbasis.TestBasis.setUp(TestBasis.java:59)
at java.base/java.util.ArrayList.forEach(ArrayList.java:1507)
... Removed 31 stack frames]]>
    </failure>
  </testcase> <!-- @BeforeMethod setUp -->
  <testcase classname="de.ecom.testbasis.TestBasis" name="@AfterMethod tearDown" time="-1.588418175869E9">
    <skipped/>
  </testcase> <!-- @AfterMethod tearDown -->
  <testcase classname="de.ecom.testfaelle.Tf04_VergleichVonZweiProdukteTest" name="VergleichZweiProdukteTest" time="0.0">
    <skipped/>
  </testcase> <!-- VergleichZweiProdukteTest -->
</testsuite> <!-- Tf04_VergleichVonZweiProdukteTest -->
