<?xml version="1.0" encoding="UTF-8"?>
<!-- Generated by org.testng.reporters.JUnitXMLReporter -->
<testsuite ignored="0" hostname="Imran-HP" failures="0" tests="1" name="Tf05_KontoErstellenUndTeilenTest" time="1.396" errors="0" timestamp="2020-05-02T12:58:51 CEST">
  <testcase classname="de.ecom.testbasis.TestBasis" name="@BeforeMethod setUp" time="0.114">
    <failure type="java.lang.NoSuchMethodError" message="&amp;apos;void com.google.common.base.Preconditions.checkState(boolean, java.lang.String, java.lang.Object, java.lang.Object, java.lang.Object)&amp;apos;">
      <![CDATA[java.lang.NoSuchMethodError: 'void com.google.common.base.Preconditions.checkState(boolean, java.lang.String, java.lang.Object, java.lang.Object, java.lang.Object)'
at org.openqa.selenium.remote.service.DriverService.findExecutable(DriverService.java:135)
at org.openqa.selenium.chrome.ChromeDriverService.access$000(ChromeDriverService.java:35)
at org.openqa.selenium.chrome.ChromeDriverService$Builder.findDefaultExecutable(ChromeDriverService.java:177)
at org.openqa.selenium.remote.service.DriverService$Builder.build(DriverService.java:363)
at org.openqa.selenium.chrome.ChromeDriverService.createDefaultService(ChromeDriverService.java:100)
at org.openqa.selenium.chrome.ChromeDriver.<init>(ChromeDriver.java:105)
at de.ecom.testbasis.TestBasis.setUp(TestBasis.java:59)
at java.base/java.util.ArrayList.forEach(ArrayList.java:1507)
... Removed 31 stack frames]]>
    </failure>
  </testcase> <!-- @BeforeMethod setUp -->
  <testcase classname="de.ecom.testbasis.TestBasis" name="@AfterMethod tearDown" time="-1.58841713188E9">
    <skipped/>
  </testcase> <!-- @AfterMethod tearDown -->
  <testcase classname="de.ecom.testfaelle.Tf05_KontoErstellenUndTeilenTest" name="kontoErstellenUndTeilen" time="0.0">
    <skipped/>
  </testcase> <!-- kontoErstellenUndTeilen -->
</testsuite> <!-- Tf05_KontoErstellenUndTeilenTest -->
