<?xml version="1.0" encoding="UTF-8"?>
<!-- Generated by org.testng.reporters.JUnitXMLReporter -->
<testsuite ignored="0" hostname="Imran-HP" failures="0" tests="1" name="Tf07_ExportierensendenAllerBestellungenAlsCSVDatei" time="29.072" errors="0" timestamp="2020-05-03T20:02:44 CEST">
  <testcase classname="de.ecom.testfaelle.Tf07_ExportierensendenAllerBestellungenAlsCSVDatei" name="exportierenUndSenden" time="14.079"/>
</testsuite> <!-- Tf07_ExportierensendenAllerBestellungenAlsCSVDatei -->
